Base path: F:/unity/Editor/Data
Cmd: initializeCompiler
Cmd: compileComputeKernel
  api=4 insize=2242 outsize=349 ok=1
Cmd: compileComputeKernel
  api=4 insize=3278 outsize=48145 ok=1
Cmd: compileComputeKernel
  api=4 insize=5194 outsize=9169 ok=1
Cmd: compileComputeKernel
  api=4 insize=3586 outsize=2581 ok=1
Cmd: compileComputeKernel
  api=4 insize=18785 outsize=8545 ok=1
Cmd: initializeCompiler
Cmd: initializeCompiler
Cmd: initializeCompiler
Cmd: initializeCompiler
Cmd: initializeCompiler
Cmd: initializeCompiler
Cmd: initializeCompiler
Cmd: initializeCompiler
Cmd: initializeCompiler
Cmd: initializeCompiler
Cmd: initializeCompiler
Cmd: initializeCompiler
Cmd: initializeCompiler
Cmd: initializeCompiler
Cmd: initializeCompiler
Cmd: initializeCompiler
Cmd: initializeCompiler
Cmd: initializeCompiler
Unhandled exception: Protocol error - unexpected end of data (did the Editor crash?)

Quitting shader compiler process
